Eutheria
Vertebrata

no sig results for comparison complex_core v. bkgd in Vertebrata
Amniota
Theria

no sig results for comparison simple v. complex_core in Theria

no sig results for comparison simple v. bkgd in Theria

no sig results for comparison complex_core v. bkgd in Theria
Mammalia

no sig results for comparison simple v. complex_core in Mammalia

no sig results for comparison simple v. bkgd in Mammalia

no sig results for comparison complex_core v. bkgd in Mammalia

no sig results for comparison complex_derived v. simple in Mammalia
Homo
no obs for POLR2G
no obs for FOXA1
no obs for CREM
no obs for FOXA2
no obs for SP1
no obs for ARID3A
no obs for HNF1A
no obs for TCF7
no obs for MNT
no obs for TBX3
no obs for SKI
no obs for FOXK2
no obs for ATF7
no obs for SMARCC2
no obs for ZNF282
no obs for FOXP1
no obs for NFRKB
no obs for CREB1
no obs for EP300
no obs for POLR2A
no obs for TBP
no obs for USF1
no obs for TFAP4
no obs for RNF2
no obs for HDAC2
no obs for NRF1
no obs for PRPF4
no obs for ATF3
no obs for HNRNPLL
no obs for CEBPB
no obs for ZNF384
no obs for JUND
no obs for NR2F6
no obs for GATA4
no obs for RXRA
no obs for ETV4
no obs for SOX13
no obs for RBM39
no obs for HNF4G
no obs for HNF4A
no obs for FOSL2
no obs for XRCC5
no obs for TAF1
no obs for ASH2L
no obs for ELF1
no obs for U2AF1
no obs for RBFOX2
no obs for HNRNPL
no obs for ZHX2
no obs for LCORL
no obs for NCOR1
no obs for KDM1A
no obs for ZNF24
no obs for ARNT
no obs for SMARCE1
no obs for ATF2
no obs for CHD4
no obs for KAT2B

not any results for comparison complex_derived v. complex_core in Homo

not any results for comparison simple v. complex_core in Homo

not any results for comparison simple v. bkgd in Homo
no obs for POLR2G
no obs for FOXA1
no obs for CREM
no obs for FOXA2
no obs for SP1
no obs for ARID3A
no obs for HNF1A
no obs for TCF7
no obs for MNT
no obs for TBX3
no obs for SKI
no obs for FOXK2
no obs for ATF7
no obs for SMARCC2
no obs for ZNF282
no obs for FOXP1
no obs for NFRKB
no obs for CREB1
no obs for EP300
no obs for POLR2A
no obs for TBP
no obs for USF1
no obs for TFAP4
no obs for RNF2
no obs for HDAC2
no obs for NRF1
no obs for PRPF4
no obs for ATF3
no obs for HNRNPLL
no obs for CEBPB
no obs for ZNF384
no obs for JUND
no obs for NR2F6
no obs for GATA4
no obs for RXRA
no obs for ETV4
no obs for SOX13
no obs for RBM39
no obs for HNF4G
no obs for HNF4A
no obs for FOSL2
no obs for XRCC5
no obs for TAF1
no obs for ASH2L
no obs for ELF1
no obs for U2AF1
no obs for RBFOX2
no obs for HNRNPL
no obs for ZHX2
no obs for LCORL
no obs for NCOR1
no obs for KDM1A
no obs for ZNF24
no obs for ARNT
no obs for SMARCE1
no obs for ATF2
no obs for CHD4
no obs for KAT2B

not any results for comparison complex_derived v. bkgd in Homo
no obs for POLR2G
no obs for FOXA1
no obs for CREM
no obs for FOXA2
no obs for SP1
no obs for ARID3A
no obs for HNF1A
no obs for TCF7
no obs for MNT
no obs for TBX3
no obs for SKI
no obs for FOXK2
no obs for ATF7
no obs for SMARCC2
no obs for ZNF282
no obs for FOXP1
no obs for NFRKB
no obs for CREB1
no obs for EP300
no obs for POLR2A
no obs for TBP
no obs for USF1
no obs for TFAP4
no obs for RNF2
no obs for HDAC2
no obs for NRF1
no obs for PRPF4
no obs for ATF3
no obs for HNRNPLL
no obs for CEBPB
no obs for ZNF384
no obs for JUND
no obs for NR2F6
no obs for GATA4
no obs for RXRA
no obs for ETV4
no obs for SOX13
no obs for RBM39
no obs for HNF4G
no obs for HNF4A
no obs for FOSL2
no obs for XRCC5
no obs for TAF1
no obs for ASH2L
no obs for ELF1
no obs for U2AF1
no obs for RBFOX2
no obs for HNRNPL
no obs for ZHX2
no obs for LCORL
no obs for NCOR1
no obs for KDM1A
no obs for ZNF24
no obs for ARNT
no obs for SMARCE1
no obs for ATF2
no obs for CHD4
no obs for KAT2B

not any results for comparison complex_core v. bkgd in Homo
no obs for POLR2G
no obs for FOXA1
no obs for CREM
no obs for FOXA2
no obs for SP1
no obs for ARID3A
no obs for HNF1A
no obs for TCF7
no obs for MNT
no obs for TBX3
no obs for SKI
no obs for FOXK2
no obs for ATF7
no obs for SMARCC2
no obs for ZNF282
no obs for FOXP1
no obs for NFRKB
no obs for CREB1
no obs for EP300
no obs for POLR2A
no obs for TBP
no obs for USF1
no obs for TFAP4
no obs for RNF2
no obs for HDAC2
no obs for NRF1
no obs for PRPF4
no obs for ATF3
no obs for HNRNPLL
no obs for CEBPB
no obs for ZNF384
no obs for JUND
no obs for NR2F6
no obs for GATA4
no obs for RXRA
no obs for ETV4
no obs for SOX13
no obs for RBM39
no obs for HNF4G
no obs for HNF4A
no obs for FOSL2
no obs for XRCC5
no obs for TAF1
no obs for ASH2L
no obs for ELF1
no obs for U2AF1
no obs for RBFOX2
no obs for HNRNPL
no obs for ZHX2
no obs for LCORL
no obs for NCOR1
no obs for KDM1A
no obs for ZNF24
no obs for ARNT
no obs for SMARCE1
no obs for ATF2
no obs for CHD4
no obs for KAT2B

not any results for comparison complex_derived v. simple in Homo
Primate
Boreoeutheria

no sig results for comparison complex_derived v. complex_core in Boreoeutheria

no sig results for comparison complex_core v. bkgd in Boreoeutheria
der_v_core
nothing for Homo
nothing for Boreoeutheria
